<?xml version="1.0" encoding="UTF-8"?>
<!-- Generated by org.testng.reporters.JUnitXMLReporter -->
<testsuite hostname="SebahattinsAir2.home" name="HubSpot Functional Regression Test" tests="6" failures="4" timestamp="10 Jul 2020 18:07:50 GMT" time="92.07" errors="0">
  <testcase name="verifyPageTitleTest" time="6.148" classname="com.qa.hubspot.tests.LoginPageTest"/>
  <testcase name="verifyHomePageTitle" time="0.016" classname="com.qa.hubspot.tests.HomePageTest">
    <failure type="java.lang.AssertionError" message="expected [Account Setup | HubSpot] but found [HubSpot Login]">
      <![CDATA[java.lang.AssertionError: expected [Account Setup | HubSpot] but found [HubSpot Login]
	at com.qa.hubspot.tests.HomePageTest.verifyHomePageTitle(HomePageTest.java:45)
... Removed 29 stack frames]]>
    </failure>
  </testcase> <!-- verifyHomePageTitle -->
  <testcase name="verifySignUPTest" time="5.665" classname="com.qa.hubspot.tests.LoginPageTest"/>
  <testcase name="verifyHeader" time="20.079" classname="com.qa.hubspot.tests.HomePageTest">
    <failure type="java.lang.AssertionError" message="expected [Thanks for choosing HubSpot] but found [null]">
      <![CDATA[java.lang.AssertionError: expected [Thanks for choosing HubSpot] but found [null]
	at com.qa.hubspot.tests.HomePageTest.verifyHeader(HomePageTest.java:53)
... Removed 29 stack frames]]>
    </failure>
  </testcase> <!-- verifyHeader -->
  <testcase name="loginTest" time="10.804" classname="com.qa.hubspot.tests.LoginPageTest">
    <failure type="java.lang.AssertionError" message="expected [null] but found []">
      <![CDATA[java.lang.AssertionError: expected [null] but found []
	at com.qa.hubspot.tests.LoginPageTest.loginTest(LoginPageTest.java:65)
... Removed 29 stack frames]]>
    </failure>
  </testcase> <!-- loginTest -->
  <testcase name="verifyLoggedUserTest" time="20.066" classname="com.qa.hubspot.tests.HomePageTest">
    <failure type="java.lang.AssertionError" message="expected [The Fix ] but found [null]">
      <![CDATA[java.lang.AssertionError: expected [The Fix ] but found [null]
	at com.qa.hubspot.tests.HomePageTest.verifyLoggedUserTest(HomePageTest.java:64)
... Removed 29 stack frames]]>
    </failure>
  </testcase> <!-- verifyLoggedUserTest -->
</testsuite> <!-- HubSpot Functional Regression Test -->
